Looking for git in: git
Using git 2.26.2 from git
> git rev-parse --show-toplevel
> git rev-parse --git-dir
Open repository: /home/petry/Projects/Kinghost/infra/infraws-server
> git fetch
> git status -z -u
> git symbolic-ref --short HEAD
> git rev-parse master
> git rev-parse --symbolic-full-name master@{u}
> git rev-list --left-right master...refs/remotes/origin/master
> git for-each-ref --format %(refname) %(objectname) --sort -committerdate
> git remote --verbose
Failed to watch ref '/home/petry/Projects/Kinghost/infra/infraws-server/.git/refs/remotes/origin/master', is most likely packed.
Error: ENOENT: no such file or directory, watch '/home/petry/Projects/Kinghost/infra/infraws-server/.git/refs/remotes/origin/master'
	at FSWatcher.start (internal/fs/watchers.js:165:26)
	at Object.watch (fs.js:1270:11)
	at Object.t.watch (/app/extra/vscode/resources/app/extensions/git/dist/main.js:1:604919)
	at T.updateTransientWatchers (/app/extra/vscode/resources/app/extensions/git/dist/main.js:1:83965)
	at e.fire (/app/extra/vscode/resources/app/out/vs/workbench/services/extensions/node/extensionHostProcess.js:46:87)
	at e.updateModelState (/app/extra/vscode/resources/app/extensions/git/dist/main.js:1:103179)
> git config --get commit.template
> git show :application/modules/serverbackend/controllers/ApacheconfController.php
> git ls-files --stage -- /home/petry/Projects/Kinghost/infra/infraws-server/application/modules/serverbackend/controllers/ApacheconfController.php
> git cat-file -s cdf41b5cb55bd2a37fdeb2bdf80affb6e0f448b9
> git check-ignore -v -z --stdin
> git ls-files --stage -- /home/petry/Projects/Kinghost/infra/infraws-server/application/modules/serverbackend/controllers/ApacheconfController.php
> git cat-file -s cdf41b5cb55bd2a37fdeb2bdf80affb6e0f448b9
> git show :application/modules/serverbackend/controllers/ApacheconfController.php
> git status -z -u
> git symbolic-ref --short HEAD
> git rev-parse master
> git rev-parse --symbolic-full-name master@{u}
> git rev-list --left-right master...refs/remotes/origin/master
> git for-each-ref --format %(refname) %(objectname) --sort -committerdate
> git remote --verbose
Failed to watch ref '/home/petry/Projects/Kinghost/infra/infraws-server/.git/refs/remotes/origin/master', is most likely packed.
Error: ENOENT: no such file or directory, watch '/home/petry/Projects/Kinghost/infra/infraws-server/.git/refs/remotes/origin/master'
	at FSWatcher.start (internal/fs/watchers.js:165:26)
	at Object.watch (fs.js:1270:11)
	at Object.t.watch (/app/extra/vscode/resources/app/extensions/git/dist/main.js:1:604919)
	at T.updateTransientWatchers (/app/extra/vscode/resources/app/extensions/git/dist/main.js:1:83965)
	at e.fire (/app/extra/vscode/resources/app/out/vs/workbench/services/extensions/node/extensionHostProcess.js:46:87)
	at e.updateModelState (/app/extra/vscode/resources/app/extensions/git/dist/main.js:1:103179)
> git config --get commit.template
> git check-ignore -v -z --stdin
> git ls-files --stage -- /home/petry/Projects/Kinghost/infra/infraws-server/application/modules/serverbackend/controllers/ApacheconfController.php
> git cat-file -s cdf41b5cb55bd2a37fdeb2bdf80affb6e0f448b9
> git show :application/modules/serverbackend/controllers/ApacheconfController.php
> git check-ignore -v -z --stdin
> git status -z -u
> git symbolic-ref --short HEAD
> git rev-parse master
> git rev-parse --symbolic-full-name master@{u}
> git rev-list --left-right master...refs/remotes/origin/master
> git for-each-ref --format %(refname) %(objectname) --sort -committerdate
> git remote --verbose
Failed to watch ref '/home/petry/Projects/Kinghost/infra/infraws-server/.git/refs/remotes/origin/master', is most likely packed.
Error: ENOENT: no such file or directory, watch '/home/petry/Projects/Kinghost/infra/infraws-server/.git/refs/remotes/origin/master'
	at FSWatcher.start (internal/fs/watchers.js:165:26)
	at Object.watch (fs.js:1270:11)
	at Object.t.watch (/app/extra/vscode/resources/app/extensions/git/dist/main.js:1:604919)
	at T.updateTransientWatchers (/app/extra/vscode/resources/app/extensions/git/dist/main.js:1:83965)
	at e.fire (/app/extra/vscode/resources/app/out/vs/workbench/services/extensions/node/extensionHostProcess.js:46:87)
	at e.updateModelState (/app/extra/vscode/resources/app/extensions/git/dist/main.js:1:103179)
> git config --get commit.template
> git show :application/modules/relatorioperformance/controllers/IndexController.php
> git ls-files --stage -- /home/petry/Projects/Kinghost/infra/infraws-server/application/modules/relatorioperformance/controllers/IndexController.php
> git cat-file -s 46c7820ba5c61fc4a1bfa478c980c4e9d77e838d
> git check-ignore -v -z --stdin
> git pull --tags origin master
> git ls-files --stage -- /home/petry/Projects/Kinghost/infra/infraws-server/application/modules/relatorioperformance/controllers/IndexController.php
> git cat-file -s 46c7820ba5c61fc4a1bfa478c980c4e9d77e838d
> git show :application/modules/relatorioperformance/controllers/IndexController.php
From gitlab.kinghost.net:infra/infraws-server
 * branch              master     -> FETCH_HEAD
> git status -z -u
> git symbolic-ref --short HEAD
> git rev-parse master
> git rev-parse --symbolic-full-name master@{u}
> git rev-list --left-right master...refs/remotes/origin/master
> git for-each-ref --format %(refname) %(objectname) --sort -committerdate
> git remote --verbose
Failed to watch ref '/home/petry/Projects/Kinghost/infra/infraws-server/.git/refs/remotes/origin/master', is most likely packed.
Error: ENOENT: no such file or directory, watch '/home/petry/Projects/Kinghost/infra/infraws-server/.git/refs/remotes/origin/master'
	at FSWatcher.start (internal/fs/watchers.js:165:26)
	at Object.watch (fs.js:1270:11)
	at Object.t.watch (/app/extra/vscode/resources/app/extensions/git/dist/main.js:1:604919)
	at T.updateTransientWatchers (/app/extra/vscode/resources/app/extensions/git/dist/main.js:1:83965)
	at e.fire (/app/extra/vscode/resources/app/out/vs/workbench/services/extensions/node/extensionHostProcess.js:46:87)
	at e.updateModelState (/app/extra/vscode/resources/app/extensions/git/dist/main.js:1:103179)
> git config --get commit.template
> git ls-files --stage -- /home/petry/Projects/Kinghost/infra/infraws-server/application/modules/relatorioperformance/controllers/IndexController.php
> git cat-file -s 46c7820ba5c61fc4a1bfa478c980c4e9d77e838d
> git show :application/modules/relatorioperformance/controllers/IndexController.php
> git status -z -u
> git symbolic-ref --short HEAD
> git rev-parse master
> git rev-parse --symbolic-full-name master@{u}
> git rev-list --left-right master...refs/remotes/origin/master
> git for-each-ref --format %(refname) %(objectname) --sort -committerdate
> git remote --verbose
Failed to watch ref '/home/petry/Projects/Kinghost/infra/infraws-server/.git/refs/remotes/origin/master', is most likely packed.
Error: ENOENT: no such file or directory, watch '/home/petry/Projects/Kinghost/infra/infraws-server/.git/refs/remotes/origin/master'
	at FSWatcher.start (internal/fs/watchers.js:165:26)
	at Object.watch (fs.js:1270:11)
	at Object.t.watch (/app/extra/vscode/resources/app/extensions/git/dist/main.js:1:604919)
	at T.updateTransientWatchers (/app/extra/vscode/resources/app/extensions/git/dist/main.js:1:83965)
	at e.fire (/app/extra/vscode/resources/app/out/vs/workbench/services/extensions/node/extensionHostProcess.js:46:87)
	at e.updateModelState (/app/extra/vscode/resources/app/extensions/git/dist/main.js:1:103179)
> git config --get commit.template
> git status -z -u
> git symbolic-ref --short HEAD
> git rev-parse master
> git rev-parse --symbolic-full-name master@{u}
> git rev-list --left-right master...refs/remotes/origin/master
> git for-each-ref --format %(refname) %(objectname) --sort -committerdate
> git remote --verbose
Failed to watch ref '/home/petry/Projects/Kinghost/infra/infraws-server/.git/refs/remotes/origin/master', is most likely packed.
Error: ENOENT: no such file or directory, watch '/home/petry/Projects/Kinghost/infra/infraws-server/.git/refs/remotes/origin/master'
	at FSWatcher.start (internal/fs/watchers.js:165:26)
	at Object.watch (fs.js:1270:11)
	at Object.t.watch (/app/extra/vscode/resources/app/extensions/git/dist/main.js:1:604919)
	at T.updateTransientWatchers (/app/extra/vscode/resources/app/extensions/git/dist/main.js:1:83965)
	at e.fire (/app/extra/vscode/resources/app/out/vs/workbench/services/extensions/node/extensionHostProcess.js:46:87)
	at e.updateModelState (/app/extra/vscode/resources/app/extensions/git/dist/main.js:1:103179)
	at processTicksAndRejections (internal/process/task_queues.js:85:5)
> git config --get commit.template
> git status -z -u
> git symbolic-ref --short HEAD
> git rev-parse master
> git rev-parse --symbolic-full-name master@{u}
> git rev-list --left-right master...refs/remotes/origin/master
> git for-each-ref --format %(refname) %(objectname) --sort -committerdate
> git remote --verbose
Failed to watch ref '/home/petry/Projects/Kinghost/infra/infraws-server/.git/refs/remotes/origin/master', is most likely packed.
Error: ENOENT: no such file or directory, watch '/home/petry/Projects/Kinghost/infra/infraws-server/.git/refs/remotes/origin/master'
	at FSWatcher.start (internal/fs/watchers.js:165:26)
	at Object.watch (fs.js:1270:11)
	at Object.t.watch (/app/extra/vscode/resources/app/extensions/git/dist/main.js:1:604919)
	at T.updateTransientWatchers (/app/extra/vscode/resources/app/extensions/git/dist/main.js:1:83965)
	at e.fire (/app/extra/vscode/resources/app/out/vs/workbench/services/extensions/node/extensionHostProcess.js:46:87)
	at e.updateModelState (/app/extra/vscode/resources/app/extensions/git/dist/main.js:1:103179)
	at processTicksAndRejections (internal/process/task_queues.js:85:5)
> git config --get commit.template
> git ls-files --stage -- /home/petry/Projects/Kinghost/infra/infraws-server/application/modules/relatorioperformance/controllers/IndexController.php
> git cat-file -s abadd9882f232b2568b8b597bc1b011d297c0164
> git show :application/modules/relatorioperformance/controllers/IndexController.php
> git status -z -u
> git symbolic-ref --short HEAD
> git rev-parse master
> git rev-parse --symbolic-full-name master@{u}
> git rev-list --left-right master...refs/remotes/origin/master
> git for-each-ref --format %(refname) %(objectname) --sort -committerdate
> git remote --verbose
Failed to watch ref '/home/petry/Projects/Kinghost/infra/infraws-server/.git/refs/remotes/origin/master', is most likely packed.
Error: ENOENT: no such file or directory, watch '/home/petry/Projects/Kinghost/infra/infraws-server/.git/refs/remotes/origin/master'
	at FSWatcher.start (internal/fs/watchers.js:165:26)
	at Object.watch (fs.js:1270:11)
	at Object.t.watch (/app/extra/vscode/resources/app/extensions/git/dist/main.js:1:604919)
	at T.updateTransientWatchers (/app/extra/vscode/resources/app/extensions/git/dist/main.js:1:83965)
	at e.fire (/app/extra/vscode/resources/app/out/vs/workbench/services/extensions/node/extensionHostProcess.js:46:87)
	at e.updateModelState (/app/extra/vscode/resources/app/extensions/git/dist/main.js:1:103179)
	at processTicksAndRejections (internal/process/task_queues.js:85:5)
> git config --get commit.template
> git ls-files --stage -- /home/petry/Projects/Kinghost/infra/infraws-server/application/modules/relatorioperformance/controllers/IndexController.php
> git cat-file -s 46c7820ba5c61fc4a1bfa478c980c4e9d77e838d
> git show :application/modules/relatorioperformance/controllers/IndexController.php
> git status -z -u
> git symbolic-ref --short HEAD
> git rev-parse master
> git rev-parse --symbolic-full-name master@{u}
> git rev-list --left-right master...refs/remotes/origin/master
> git for-each-ref --format %(refname) %(objectname) --sort -committerdate
> git remote --verbose
Failed to watch ref '/home/petry/Projects/Kinghost/infra/infraws-server/.git/refs/remotes/origin/master', is most likely packed.
Error: ENOENT: no such file or directory, watch '/home/petry/Projects/Kinghost/infra/infraws-server/.git/refs/remotes/origin/master'
	at FSWatcher.start (internal/fs/watchers.js:165:26)
	at Object.watch (fs.js:1270:11)
	at Object.t.watch (/app/extra/vscode/resources/app/extensions/git/dist/main.js:1:604919)
	at T.updateTransientWatchers (/app/extra/vscode/resources/app/extensions/git/dist/main.js:1:83965)
	at e.fire (/app/extra/vscode/resources/app/out/vs/workbench/services/extensions/node/extensionHostProcess.js:46:87)
	at e.updateModelState (/app/extra/vscode/resources/app/extensions/git/dist/main.js:1:103179)
> git config --get commit.template
> git status -z -u
> git symbolic-ref --short HEAD
> git rev-parse master
> git rev-parse --symbolic-full-name master@{u}
> git rev-list --left-right master...refs/remotes/origin/master
> git for-each-ref --format %(refname) %(objectname) --sort -committerdate
> git remote --verbose
Failed to watch ref '/home/petry/Projects/Kinghost/infra/infraws-server/.git/refs/remotes/origin/master', is most likely packed.
Error: ENOENT: no such file or directory, watch '/home/petry/Projects/Kinghost/infra/infraws-server/.git/refs/remotes/origin/master'
	at FSWatcher.start (internal/fs/watchers.js:165:26)
	at Object.watch (fs.js:1270:11)
	at Object.t.watch (/app/extra/vscode/resources/app/extensions/git/dist/main.js:1:604919)
	at T.updateTransientWatchers (/app/extra/vscode/resources/app/extensions/git/dist/main.js:1:83965)
	at e.fire (/app/extra/vscode/resources/app/out/vs/workbench/services/extensions/node/extensionHostProcess.js:46:87)
	at e.updateModelState (/app/extra/vscode/resources/app/extensions/git/dist/main.js:1:103179)
	at processTicksAndRejections (internal/process/task_queues.js:85:5)
> git config --get commit.template
> git status -z -u
> git symbolic-ref --short HEAD
> git rev-parse master
> git rev-parse --symbolic-full-name master@{u}
> git rev-list --left-right master...refs/remotes/origin/master
> git for-each-ref --format %(refname) %(objectname) --sort -committerdate
> git remote --verbose
Failed to watch ref '/home/petry/Projects/Kinghost/infra/infraws-server/.git/refs/remotes/origin/master', is most likely packed.
Error: ENOENT: no such file or directory, watch '/home/petry/Projects/Kinghost/infra/infraws-server/.git/refs/remotes/origin/master'
	at FSWatcher.start (internal/fs/watchers.js:165:26)
	at Object.watch (fs.js:1270:11)
	at Object.t.watch (/app/extra/vscode/resources/app/extensions/git/dist/main.js:1:604919)
	at T.updateTransientWatchers (/app/extra/vscode/resources/app/extensions/git/dist/main.js:1:83965)
	at e.fire (/app/extra/vscode/resources/app/out/vs/workbench/services/extensions/node/extensionHostProcess.js:46:87)
	at e.updateModelState (/app/extra/vscode/resources/app/extensions/git/dist/main.js:1:103179)
	at processTicksAndRejections (internal/process/task_queues.js:85:5)
> git config --get commit.template
> git ls-files --stage -- /home/petry/Projects/Kinghost/infra/infraws-server/application/modules/relatorioperformance/controllers/IndexController.php
> git cat-file -s abadd9882f232b2568b8b597bc1b011d297c0164
> git show :application/modules/relatorioperformance/controllers/IndexController.php
> git status -z -u
> git symbolic-ref --short HEAD
> git rev-parse master
> git rev-parse --symbolic-full-name master@{u}
> git rev-list --left-right master...refs/remotes/origin/master
> git for-each-ref --format %(refname) %(objectname) --sort -committerdate
> git remote --verbose
Failed to watch ref '/home/petry/Projects/Kinghost/infra/infraws-server/.git/refs/remotes/origin/master', is most likely packed.
Error: ENOENT: no such file or directory, watch '/home/petry/Projects/Kinghost/infra/infraws-server/.git/refs/remotes/origin/master'
	at FSWatcher.start (internal/fs/watchers.js:165:26)
	at Object.watch (fs.js:1270:11)
	at Object.t.watch (/app/extra/vscode/resources/app/extensions/git/dist/main.js:1:604919)
	at T.updateTransientWatchers (/app/extra/vscode/resources/app/extensions/git/dist/main.js:1:83965)
	at e.fire (/app/extra/vscode/resources/app/out/vs/workbench/services/extensions/node/extensionHostProcess.js:46:87)
	at e.updateModelState (/app/extra/vscode/resources/app/extensions/git/dist/main.js:1:103179)
	at runMicrotasks (<anonymous>)
	at processTicksAndRejections (internal/process/task_queues.js:85:5)
> git config --get commit.template
> git ls-files --stage -- /home/petry/Projects/Kinghost/infra/infraws-server/application/modules/relatorioperformance/controllers/IndexController.php
> git cat-file -s abadd9882f232b2568b8b597bc1b011d297c0164
> git show :application/modules/relatorioperformance/controllers/IndexController.php
> git status -z -u
> git symbolic-ref --short HEAD
> git rev-parse master
> git rev-parse --symbolic-full-name master@{u}
> git rev-list --left-right master...refs/remotes/origin/master
> git for-each-ref --format %(refname) %(objectname) --sort -committerdate
> git remote --verbose
> git config --get commit.template
> git status -z -u
> git symbolic-ref --short HEAD
> git rev-parse master
> git rev-parse --symbolic-full-name master@{u}
> git rev-list --left-right master...refs/remotes/origin/master
> git for-each-ref --format %(refname) %(objectname) --sort -committerdate
> git remote --verbose
> git config --get commit.template
> git ls-files --stage -- /home/petry/Projects/Kinghost/infra/infraws-server/application/modules/relatorioperformance/controllers/IndexController.php
> git cat-file -s 7e235bcd8e68ac1af61e55ef7a598d7c8f226df3
> git show :application/modules/relatorioperformance/controllers/IndexController.php
> git ls-files --stage -- /home/petry/Projects/Kinghost/infra/infraws-server/application/modules/relatorioperformance/controllers/IndexController.php
> git cat-file -s 7e235bcd8e68ac1af61e55ef7a598d7c8f226df3
> git show :application/modules/relatorioperformance/controllers/IndexController.php
> git status -z -u
> git symbolic-ref --short HEAD
> git rev-parse master
> git rev-parse --symbolic-full-name master@{u}
> git rev-list --left-right master...refs/remotes/origin/master
> git for-each-ref --format %(refname) %(objectname) --sort -committerdate
> git remote --verbose
> git config --get commit.template
> git ls-files --stage -- /home/petry/Projects/Kinghost/infra/infraws-server/application/modules/relatorioperformance/controllers/IndexController.php
> git cat-file -s 7e235bcd8e68ac1af61e55ef7a598d7c8f226df3
> git show :application/modules/relatorioperformance/controllers/IndexController.php
> git status -z -u
> git symbolic-ref --short HEAD
> git rev-parse master
> git rev-parse --symbolic-full-name master@{u}
> git rev-list --left-right master...refs/remotes/origin/master
> git for-each-ref --format %(refname) %(objectname) --sort -committerdate
> git remote --verbose
> git config --get commit.template
> git fetch
> git status -z -u
> git symbolic-ref --short HEAD
> git rev-parse master
> git rev-parse --symbolic-full-name master@{u}
> git rev-list --left-right master...refs/remotes/origin/master
> git for-each-ref --format %(refname) %(objectname) --sort -committerdate
> git remote --verbose
> git config --get commit.template
> git status -z -u
> git symbolic-ref --short HEAD
> git rev-parse master
> git rev-parse --symbolic-full-name master@{u}
> git rev-list --left-right master...refs/remotes/origin/master
> git for-each-ref --format %(refname) %(objectname) --sort -committerdate
> git remote --verbose
> git config --get commit.template
> git ls-files --stage -- /home/petry/Projects/Kinghost/infra/infraws-server/application/modules/relatorioperformance/controllers/IndexController.php
> git cat-file -s 7e235bcd8e68ac1af61e55ef7a598d7c8f226df3
> git show :application/modules/relatorioperformance/controllers/IndexController.php
> git status -z -u
> git symbolic-ref --short HEAD
> git rev-parse master
> git rev-parse --symbolic-full-name master@{u}
> git rev-list --left-right master...refs/remotes/origin/master
> git for-each-ref --format %(refname) %(objectname) --sort -committerdate
> git remote --verbose
> git config --get commit.template
