Looking for git in: git
Using git 2.26.2 from git
> git rev-parse --show-toplevel
> git rev-parse --git-dir
Open repository: /home/petry/Projects/Kinghost/infra/intranet
> git fetch
> git status -z -u
> git symbolic-ref --short HEAD
> git rev-parse master
> git rev-parse --symbolic-full-name master@{u}
> git rev-list --left-right master...refs/remotes/origin/master
> git for-each-ref --format %(refname) %(objectname) --sort -committerdate
> git remote --verbose
> git config --get commit.template
> git check-ignore -v -z --stdin
From gitlab.kinghost.net:infra/intranet
   1431f9f5..44d8f29a  master          -> origin/master
 * [new branch]        CP-135          -> origin/CP-135
 * [new branch]        SHARED-403      -> origin/SHARED-403
   a974be88..ce10d58a  SHARED-EMAILPRO -> origin/SHARED-EMAILPRO
> git status -z -u
> git symbolic-ref --short HEAD
> git rev-parse master
> git rev-parse --symbolic-full-name master@{u}
> git rev-list --left-right master...refs/remotes/origin/master
> git for-each-ref --format %(refname) %(objectname) --sort -committerdate
> git remote --verbose
> git config --get commit.template
> git fetch
> git status -z -u
> git symbolic-ref --short HEAD
> git rev-parse master
> git rev-parse --symbolic-full-name master@{u}
> git rev-list --left-right master...refs/remotes/origin/master
> git for-each-ref --format %(refname) %(objectname) --sort -committerdate
> git remote --verbose
> git config --get commit.template
> git show :kinghost.cgi
> git ls-files --stage -- /home/petry/Projects/Kinghost/infra/intranet/kinghost.cgi
> git cat-file -s 440b909ed9a87be1820d40dd7c4dcfdfaf340db9
> git check-ignore -v -z --stdin
> git check-ignore -v -z --stdin
> git fetch
> git status -z -u
> git symbolic-ref --short HEAD
> git rev-parse master
> git rev-parse --symbolic-full-name master@{u}
> git rev-list --left-right master...refs/remotes/origin/master
> git for-each-ref --format %(refname) %(objectname) --sort -committerdate
> git remote --verbose
> git config --get commit.template
> git ls-files --stage -- /home/petry/Projects/Kinghost/infra/intranet/kinghost.cgi
> git cat-file -s 440b909ed9a87be1820d40dd7c4dcfdfaf340db9
> git show :kinghost.cgi
