Looking for git in: git
Using git 2.26.2 from git
> git rev-parse --show-toplevel
> git rev-parse --git-dir
Open repository: /home/petry/Projects/Kinghost/infra/wordpress
> git fetch
> git status -z -u
> git symbolic-ref --short HEAD
> git rev-parse master
> git rev-parse --symbolic-full-name master@{u}
> git rev-list --left-right master...refs/remotes/origin/master
> git for-each-ref --format %(refname) %(objectname) --sort -committerdate
> git remote --verbose
Failed to watch ref '/home/petry/Projects/Kinghost/infra/wordpress/.git/refs/remotes/origin/master', is most likely packed.
Error: ENOENT: no such file or directory, watch '/home/petry/Projects/Kinghost/infra/wordpress/.git/refs/remotes/origin/master'
	at FSWatcher.start (internal/fs/watchers.js:165:26)
	at Object.watch (fs.js:1270:11)
	at Object.t.watch (/app/extra/vscode/resources/app/extensions/git/dist/main.js:1:604919)
	at T.updateTransientWatchers (/app/extra/vscode/resources/app/extensions/git/dist/main.js:1:83965)
	at e.fire (/app/extra/vscode/resources/app/out/vs/workbench/services/extensions/node/extensionHostProcess.js:46:87)
	at e.updateModelState (/app/extra/vscode/resources/app/extensions/git/dist/main.js:1:103179)
> git config --get commit.template
> git check-ignore -v -z --stdin
> git status -z -u
> git symbolic-ref --short HEAD
> git rev-parse master
> git rev-parse --symbolic-full-name master@{u}
> git rev-list --left-right master...refs/remotes/origin/master
> git for-each-ref --format %(refname) %(objectname) --sort -committerdate
> git remote --verbose
Failed to watch ref '/home/petry/Projects/Kinghost/infra/wordpress/.git/refs/remotes/origin/master', is most likely packed.
Error: ENOENT: no such file or directory, watch '/home/petry/Projects/Kinghost/infra/wordpress/.git/refs/remotes/origin/master'
	at FSWatcher.start (internal/fs/watchers.js:165:26)
	at Object.watch (fs.js:1270:11)
	at Object.t.watch (/app/extra/vscode/resources/app/extensions/git/dist/main.js:1:604919)
	at T.updateTransientWatchers (/app/extra/vscode/resources/app/extensions/git/dist/main.js:1:83965)
	at e.fire (/app/extra/vscode/resources/app/out/vs/workbench/services/extensions/node/extensionHostProcess.js:46:87)
	at e.updateModelState (/app/extra/vscode/resources/app/extensions/git/dist/main.js:1:103179)
	at processTicksAndRejections (internal/process/task_queues.js:85:5)
> git config --get commit.template
> git check-ignore -v -z --stdin
> git show :conf/.class/class.nginx.php
> git ls-files --stage -- /home/petry/Projects/Kinghost/infra/wordpress/conf/.class/class.nginx.php
> git cat-file -s 1c911e7b7fb91895b59f3ab8df1804d7f4c51f4c
> git check-ignore -v -z --stdin
> git check-ignore -v -z --stdin
> git fetch
> git status -z -u
> git symbolic-ref --short HEAD
> git rev-parse master
> git rev-parse --symbolic-full-name master@{u}
> git rev-list --left-right master...refs/remotes/origin/master
> git for-each-ref --format %(refname) %(objectname) --sort -committerdate
> git remote --verbose
Failed to watch ref '/home/petry/Projects/Kinghost/infra/wordpress/.git/refs/remotes/origin/master', is most likely packed.
Error: ENOENT: no such file or directory, watch '/home/petry/Projects/Kinghost/infra/wordpress/.git/refs/remotes/origin/master'
	at FSWatcher.start (internal/fs/watchers.js:165:26)
	at Object.watch (fs.js:1270:11)
	at Object.t.watch (/app/extra/vscode/resources/app/extensions/git/dist/main.js:1:604919)
	at T.updateTransientWatchers (/app/extra/vscode/resources/app/extensions/git/dist/main.js:1:83965)
	at e.fire (/app/extra/vscode/resources/app/out/vs/workbench/services/extensions/node/extensionHostProcess.js:46:87)
	at e.updateModelState (/app/extra/vscode/resources/app/extensions/git/dist/main.js:1:103179)
	at processTicksAndRejections (internal/process/task_queues.js:85:5)
> git config --get commit.template
> git ls-files --stage -- /home/petry/Projects/Kinghost/infra/wordpress/conf/.class/class.nginx.php
> git cat-file -s 1c911e7b7fb91895b59f3ab8df1804d7f4c51f4c
> git show :conf/.class/class.nginx.php
> git status -z -u
> git symbolic-ref --short HEAD
> git rev-parse master
> git rev-parse --symbolic-full-name master@{u}
> git rev-list --left-right master...refs/remotes/origin/master
> git for-each-ref --format %(refname) %(objectname) --sort -committerdate
> git remote --verbose
Failed to watch ref '/home/petry/Projects/Kinghost/infra/wordpress/.git/refs/remotes/origin/master', is most likely packed.
Error: ENOENT: no such file or directory, watch '/home/petry/Projects/Kinghost/infra/wordpress/.git/refs/remotes/origin/master'
	at FSWatcher.start (internal/fs/watchers.js:165:26)
	at Object.watch (fs.js:1270:11)
	at Object.t.watch (/app/extra/vscode/resources/app/extensions/git/dist/main.js:1:604919)
	at T.updateTransientWatchers (/app/extra/vscode/resources/app/extensions/git/dist/main.js:1:83965)
	at e.fire (/app/extra/vscode/resources/app/out/vs/workbench/services/extensions/node/extensionHostProcess.js:46:87)
	at e.updateModelState (/app/extra/vscode/resources/app/extensions/git/dist/main.js:1:103179)
> git config --get commit.template
> git fetch
> git status -z -u
> git symbolic-ref --short HEAD
> git rev-parse master
> git rev-parse --symbolic-full-name master@{u}
> git rev-list --left-right master...refs/remotes/origin/master
> git for-each-ref --format %(refname) %(objectname) --sort -committerdate
> git remote --verbose
Failed to watch ref '/home/petry/Projects/Kinghost/infra/wordpress/.git/refs/remotes/origin/master', is most likely packed.
Error: ENOENT: no such file or directory, watch '/home/petry/Projects/Kinghost/infra/wordpress/.git/refs/remotes/origin/master'
	at FSWatcher.start (internal/fs/watchers.js:165:26)
	at Object.watch (fs.js:1270:11)
	at Object.t.watch (/app/extra/vscode/resources/app/extensions/git/dist/main.js:1:604919)
	at T.updateTransientWatchers (/app/extra/vscode/resources/app/extensions/git/dist/main.js:1:83965)
	at e.fire (/app/extra/vscode/resources/app/out/vs/workbench/services/extensions/node/extensionHostProcess.js:46:87)
	at e.updateModelState (/app/extra/vscode/resources/app/extensions/git/dist/main.js:1:103179)
	at processTicksAndRejections (internal/process/task_queues.js:85:5)
> git config --get commit.template
> git ls-files --stage -- /home/petry/Projects/Kinghost/infra/wordpress/conf/.class/class.nginx.php
> git cat-file -s 1c911e7b7fb91895b59f3ab8df1804d7f4c51f4c
> git show :conf/.class/class.nginx.php
> git status -z -u
> git symbolic-ref --short HEAD
> git rev-parse master
> git rev-parse --symbolic-full-name master@{u}
> git rev-list --left-right master...refs/remotes/origin/master
> git for-each-ref --format %(refname) %(objectname) --sort -committerdate
> git remote --verbose
Failed to watch ref '/home/petry/Projects/Kinghost/infra/wordpress/.git/refs/remotes/origin/master', is most likely packed.
Error: ENOENT: no such file or directory, watch '/home/petry/Projects/Kinghost/infra/wordpress/.git/refs/remotes/origin/master'
	at FSWatcher.start (internal/fs/watchers.js:165:26)
	at Object.watch (fs.js:1270:11)
	at Object.t.watch (/app/extra/vscode/resources/app/extensions/git/dist/main.js:1:604919)
	at T.updateTransientWatchers (/app/extra/vscode/resources/app/extensions/git/dist/main.js:1:83965)
	at e.fire (/app/extra/vscode/resources/app/out/vs/workbench/services/extensions/node/extensionHostProcess.js:46:87)
	at e.updateModelState (/app/extra/vscode/resources/app/extensions/git/dist/main.js:1:103179)
	at processTicksAndRejections (internal/process/task_queues.js:85:5)
> git config --get commit.template
> git show :conf/.class/class.varnish.php
> git ls-files --stage -- /home/petry/Projects/Kinghost/infra/wordpress/conf/.class/class.varnish.php
> git cat-file -s b5ed13688ad047c1fa5c863d5e502acf4e44a87a
> git check-ignore -v -z --stdin
