Looking for git in: git
Using git 2.26.2 from git
> git rev-parse --show-toplevel
> git rev-parse --git-dir
Open repository: /home/petry/Projects/Kinghost/infra/orquestradores/salt-centos6
> git status -z -u
> git symbolic-ref --short HEAD
> git rev-parse geoip-devel
> git rev-parse --symbolic-full-name geoip-devel@{u}
fatal: no upstream configured for branch 'geoip-devel'
> git for-each-ref --format %(refname) %(objectname) --sort -committerdate
> git remote --verbose
> git config --get commit.template
> git check-ignore -v -z --stdin
> git fetch
> git status -z -u
> git symbolic-ref --short HEAD
> git rev-parse geoip-devel
> git rev-parse --symbolic-full-name geoip-devel@{u}
fatal: no upstream configured for branch 'geoip-devel'
> git for-each-ref --format %(refname) %(objectname) --sort -committerdate
> git remote --verbose
> git config --get commit.template
> git fetch
> git status -z -u
> git symbolic-ref --short HEAD
> git rev-parse geoip-devel
> git rev-parse --symbolic-full-name geoip-devel@{u}
fatal: no upstream configured for branch 'geoip-devel'
> git for-each-ref --format %(refname) %(objectname) --sort -committerdate
> git remote --verbose
> git config --get commit.template
> git fetch
ssh: connect to host gitlab.kinghost.net port 22: Connection timed out
fatal: Could not read from remote repository.

Please make sure you have the correct access rights
and the repository exists.
> git fetch
> git status -z -u
> git symbolic-ref --short HEAD
> git rev-parse geoip-devel
> git rev-parse --symbolic-full-name geoip-devel@{u}
fatal: no upstream configured for branch 'geoip-devel'
> git for-each-ref --format %(refname) %(objectname) --sort -committerdate
> git remote --verbose
> git config --get commit.template
> git fetch
> git status -z -u
> git symbolic-ref --short HEAD
> git rev-parse geoip-devel
> git rev-parse --symbolic-full-name geoip-devel@{u}
fatal: no upstream configured for branch 'geoip-devel'
> git for-each-ref --format %(refname) %(objectname) --sort -committerdate
> git remote --verbose
> git config --get commit.template
> git fetch
> git status -z -u
> git symbolic-ref --short HEAD
> git rev-parse geoip-devel
> git rev-parse --symbolic-full-name geoip-devel@{u}
fatal: no upstream configured for branch 'geoip-devel'
> git for-each-ref --format %(refname) %(objectname) --sort -committerdate
> git remote --verbose
> git config --get commit.template
> git fetch
> git status -z -u
> git symbolic-ref --short HEAD
> git rev-parse geoip-devel
> git rev-parse --symbolic-full-name geoip-devel@{u}
fatal: no upstream configured for branch 'geoip-devel'
> git for-each-ref --format %(refname) %(objectname) --sort -committerdate
> git remote --verbose
> git config --get commit.template
> git fetch
> git status -z -u
> git symbolic-ref --short HEAD
> git rev-parse geoip-devel
> git rev-parse --symbolic-full-name geoip-devel@{u}
fatal: no upstream configured for branch 'geoip-devel'
> git for-each-ref --format %(refname) %(objectname) --sort -committerdate
> git remote --verbose
> git config --get commit.template
> git fetch
> git status -z -u
> git symbolic-ref --short HEAD
> git rev-parse geoip-devel
> git rev-parse --symbolic-full-name geoip-devel@{u}
fatal: no upstream configured for branch 'geoip-devel'
> git for-each-ref --format %(refname) %(objectname) --sort -committerdate
> git remote --verbose
> git config --get commit.template
> git fetch
> git status -z -u
> git symbolic-ref --short HEAD
> git rev-parse geoip-devel
> git rev-parse --symbolic-full-name geoip-devel@{u}
fatal: no upstream configured for branch 'geoip-devel'
> git for-each-ref --format %(refname) %(objectname) --sort -committerdate
> git remote --verbose
> git config --get commit.template
> git fetch
> git status -z -u
> git symbolic-ref --short HEAD
> git rev-parse geoip-devel
> git rev-parse --symbolic-full-name geoip-devel@{u}
fatal: no upstream configured for branch 'geoip-devel'
> git for-each-ref --format %(refname) %(objectname) --sort -committerdate
> git remote --verbose
> git config --get commit.template
> git fetch
> git status -z -u
> git symbolic-ref --short HEAD
> git rev-parse geoip-devel
> git rev-parse --symbolic-full-name geoip-devel@{u}
fatal: no upstream configured for branch 'geoip-devel'
> git for-each-ref --format %(refname) %(objectname) --sort -committerdate
> git remote --verbose
> git config --get commit.template
> git fetch
> git status -z -u
> git symbolic-ref --short HEAD
> git rev-parse geoip-devel
> git rev-parse --symbolic-full-name geoip-devel@{u}
fatal: no upstream configured for branch 'geoip-devel'
> git for-each-ref --format %(refname) %(objectname) --sort -committerdate
> git remote --verbose
> git config --get commit.template
> git fetch
> git status -z -u
> git symbolic-ref --short HEAD
> git rev-parse geoip-devel
> git rev-parse --symbolic-full-name geoip-devel@{u}
fatal: no upstream configured for branch 'geoip-devel'
> git for-each-ref --format %(refname) %(objectname) --sort -committerdate
> git remote --verbose
> git config --get commit.template
> git fetch
> git status -z -u
> git symbolic-ref --short HEAD
> git rev-parse geoip-devel
> git rev-parse --symbolic-full-name geoip-devel@{u}
fatal: no upstream configured for branch 'geoip-devel'
> git for-each-ref --format %(refname) %(objectname) --sort -committerdate
> git remote --verbose
> git config --get commit.template
