[2020-06-09 06:54:21.425] [exthost] [info] extension host started
[2020-06-09 06:54:21.443] [exthost] [info] ExtensionService#_doActivateExtension vscode.debug-auto-launch {"startup":true,"extensionId":{"value":"vscode.debug-auto-launch","_lower":"vscode.debug-auto-launch"},"activationEvent":"*"}
[2020-06-09 06:54:21.444] [exthost] [info] ExtensionService#loadCommonJSModule file:///app/extra/vscode/resources/app/extensions/debug-auto-launch/dist/extension
[2020-06-09 06:54:21.446] [exthost] [info] ExtensionService#_doActivateExtension vscode.emmet {"startup":true,"extensionId":{"value":"vscode.emmet","_lower":"vscode.emmet"},"activationEvent":"*"}
[2020-06-09 06:54:21.446] [exthost] [info] ExtensionService#loadCommonJSModule file:///app/extra/vscode/resources/app/extensions/emmet/dist/extension
[2020-06-09 06:54:21.477] [exthost] [info] ExtensionService#_doActivateExtension vscode.git {"startup":true,"extensionId":{"value":"vscode.git","_lower":"vscode.git"},"activationEvent":"*"}
[2020-06-09 06:54:21.478] [exthost] [info] ExtensionService#loadCommonJSModule file:///app/extra/vscode/resources/app/extensions/git/dist/main
[2020-06-09 06:54:21.496] [exthost] [info] ExtensionService#_doActivateExtension vscode.github-authentication {"startup":true,"extensionId":{"value":"vscode.github-authentication","_lower":"vscode.github-authentication"},"activationEvent":"*"}
[2020-06-09 06:54:21.496] [exthost] [info] ExtensionService#loadCommonJSModule file:///app/extra/vscode/resources/app/extensions/github-authentication/dist/extension.js
[2020-06-09 06:54:21.501] [exthost] [info] ExtensionService#_doActivateExtension vscode.merge-conflict {"startup":true,"extensionId":{"value":"vscode.merge-conflict","_lower":"vscode.merge-conflict"},"activationEvent":"*"}
[2020-06-09 06:54:21.501] [exthost] [info] ExtensionService#loadCommonJSModule file:///app/extra/vscode/resources/app/extensions/merge-conflict/dist/extension
[2020-06-09 06:54:21.504] [exthost] [info] ExtensionService#_doActivateExtension vscode.search-result {"startup":true,"extensionId":{"value":"vscode.search-result","_lower":"vscode.search-result"},"activationEvent":"*"}
[2020-06-09 06:54:21.504] [exthost] [info] ExtensionService#loadCommonJSModule file:///app/extra/vscode/resources/app/extensions/search-result/dist/extension.js
[2020-06-09 06:54:21.505] [exthost] [info] ExtensionService#_doActivateExtension vscode.vscode-account {"startup":true,"extensionId":{"value":"vscode.vscode-account","_lower":"vscode.vscode-account"},"activationEvent":"*"}
[2020-06-09 06:54:21.505] [exthost] [info] ExtensionService#loadCommonJSModule file:///app/extra/vscode/resources/app/extensions/vscode-account/dist/extension.js
[2020-06-09 06:54:21.511] [exthost] [info] eager extensions activated
[2020-06-09 06:54:36.944] [exthost] [info] extension host started
[2020-06-09 06:54:36.992] [exthost] [info] ExtensionService#_doActivateExtension vscode.debug-auto-launch {"startup":true,"extensionId":{"value":"vscode.debug-auto-launch","_lower":"vscode.debug-auto-launch"},"activationEvent":"*"}
[2020-06-09 06:54:36.992] [exthost] [info] ExtensionService#loadCommonJSModule file:///app/extra/vscode/resources/app/extensions/debug-auto-launch/dist/extension
[2020-06-09 06:54:36.996] [exthost] [info] ExtensionService#_doActivateExtension vscode.emmet {"startup":true,"extensionId":{"value":"vscode.emmet","_lower":"vscode.emmet"},"activationEvent":"*"}
[2020-06-09 06:54:36.996] [exthost] [info] ExtensionService#loadCommonJSModule file:///app/extra/vscode/resources/app/extensions/emmet/dist/extension
[2020-06-09 06:54:37.009] [exthost] [info] ExtensionService#_doActivateExtension vscode.git {"startup":true,"extensionId":{"value":"vscode.git","_lower":"vscode.git"},"activationEvent":"*"}
[2020-06-09 06:54:37.009] [exthost] [info] ExtensionService#loadCommonJSModule file:///app/extra/vscode/resources/app/extensions/git/dist/main
[2020-06-09 06:54:37.031] [exthost] [info] ExtensionService#_doActivateExtension vscode.github-authentication {"startup":true,"extensionId":{"value":"vscode.github-authentication","_lower":"vscode.github-authentication"},"activationEvent":"*"}
[2020-06-09 06:54:37.031] [exthost] [info] ExtensionService#loadCommonJSModule file:///app/extra/vscode/resources/app/extensions/github-authentication/dist/extension.js
[2020-06-09 06:54:37.036] [exthost] [info] ExtensionService#_doActivateExtension vscode.merge-conflict {"startup":true,"extensionId":{"value":"vscode.merge-conflict","_lower":"vscode.merge-conflict"},"activationEvent":"*"}
[2020-06-09 06:54:37.036] [exthost] [info] ExtensionService#loadCommonJSModule file:///app/extra/vscode/resources/app/extensions/merge-conflict/dist/extension
[2020-06-09 06:54:37.039] [exthost] [info] ExtensionService#_doActivateExtension vscode.search-result {"startup":true,"extensionId":{"value":"vscode.search-result","_lower":"vscode.search-result"},"activationEvent":"*"}
[2020-06-09 06:54:37.039] [exthost] [info] ExtensionService#loadCommonJSModule file:///app/extra/vscode/resources/app/extensions/search-result/dist/extension.js
[2020-06-09 06:54:37.040] [exthost] [info] ExtensionService#_doActivateExtension vscode.vscode-account {"startup":true,"extensionId":{"value":"vscode.vscode-account","_lower":"vscode.vscode-account"},"activationEvent":"*"}
[2020-06-09 06:54:37.040] [exthost] [info] ExtensionService#loadCommonJSModule file:///app/extra/vscode/resources/app/extensions/vscode-account/dist/extension.js
[2020-06-09 06:54:37.045] [exthost] [info] eager extensions activated
[2020-06-09 06:54:43.302] [exthost] [info] ExtensionService#_doActivateExtension vscode.php-language-features {"startup":false,"extensionId":{"value":"vscode.php-language-features","_lower":"vscode.php-language-features"},"activationEvent":"onLanguage:php"}
[2020-06-09 06:54:43.303] [exthost] [info] ExtensionService#loadCommonJSModule file:///app/extra/vscode/resources/app/extensions/php-language-features/dist/phpMain
